<?xml version="1.0" encoding="UTF-8"?>
<testng-results skipped="0" failed="0" ignored="0" total="2" passed="2">
  <reporter-output>
  </reporter-output>
  <suite name="Default suite" duration-ms="27267" started-at="2017-11-29T09:51:01Z" finished-at="2017-11-29T09:51:29Z">
    <groups>
    </groups>
    <test name="Default test" duration-ms="27267" started-at="2017-11-29T09:51:01Z" finished-at="2017-11-29T09:51:29Z">
      <class name="eply.com.tests.ResetPasswordTest">
        <test-method status="PASS" signature="setup()[pri:0, instance:eply.com.tests.ResetPasswordTest@7dc7cbad]" name="setup" is-config="true" duration-ms="15082" started-at="2017-11-29T11:51:01Z" finished-at="2017-11-29T11:51:16Z">
          <reporter-output>
          </reporter-output>
        </test-method> <!-- setup -->
        <test-method status="PASS" signature="tlogin()[pri:0, instance:eply.com.tests.ResetPasswordTest@7dc7cbad]" name="tlogin" is-config="true" duration-ms="0" started-at="2017-11-29T11:51:16Z" finished-at="2017-11-29T11:51:16Z">
          <reporter-output>
          </reporter-output>
        </test-method> <!-- tlogin -->
        <test-method status="PASS" signature="forgotPasswordAndCancle()[pri:0, instance:eply.com.tests.ResetPasswordTest@7dc7cbad]" name="forgotPasswordAndCancle" duration-ms="4633" started-at="2017-11-29T11:51:16Z" finished-at="2017-11-29T11:51:21Z">
          <reporter-output>
          </reporter-output>
        </test-method> <!-- forgotPasswordAndCancle -->
        <test-method status="PASS" signature="forgotPasswordAndReset()[pri:0, instance:eply.com.tests.ResetPasswordTest@7dc7cbad]" name="forgotPasswordAndReset" duration-ms="6718" started-at="2017-11-29T11:51:21Z" finished-at="2017-11-29T11:51:28Z">
          <reporter-output>
          </reporter-output>
        </test-method> <!-- forgotPasswordAndReset -->
        <test-method status="PASS" signature="tearDown()[pri:0, instance:eply.com.tests.ResetPasswordTest@7dc7cbad]" name="tearDown" is-config="true" duration-ms="788" started-at="2017-11-29T11:51:28Z" finished-at="2017-11-29T11:51:29Z">
          <reporter-output>
          </reporter-output>
        </test-method> <!-- tearDown -->
      </class> <!-- eply.com.tests.ResetPasswordTest -->
    </test> <!-- Default test -->
  </suite> <!-- Default suite -->
</testng-results>
